<?xml version="1.0" encoding="UTF-8"?>
<!-- Generated by org.testng.reporters.JUnitReportReporter -->
<testsuite hostname="DESKTOP-QJAM0GO" failures="0" tests="1" name="test.AutomationExerciceRegisterTest" time="4.960" errors="0" timestamp="26 Mar 2024 16:38:43 GMT">
  <testcase classname="test.AutomationExerciceRegisterTest" name="signUpwithEmailExist" time="4.960"/>
</testsuite> <!-- test.AutomationExerciceRegisterTest -->
