<?xml version="1.0" encoding="UTF-8"?>
<!-- Generated by org.testng.reporters.JUnitReportReporter -->
<testsuite hostname="DESKTOP-QJAM0GO" failures="0" tests="1" name="test.AutomationExerciceLoginTest" time="2.836" errors="0" timestamp="26 Aug 2024 15:02:56 GMT">
  <testcase classname="test.AutomationExerciceLoginTest" name="userloginWitnIvalidPassword" time="2.836"/>
</testsuite> <!-- test.AutomationExerciceLoginTest -->
