<?xml version="1.0" encoding="UTF-8"?>
<!-- Generated by org.testng.reporters.JUnitReportReporter -->
<testsuite hostname="DESKTOP-QJAM0GO" failures="0" tests="2" name="test.AutomationExerciceLoginTest" time="6.455" errors="0" timestamp="27 Aug 2024 18:26:47 GMT">
  <testcase classname="test.AutomationExerciceLoginTest" name="userloginWitnIvalidPassword_Methode2" time="2.785"/>
  <testcase classname="test.AutomationExerciceLoginTest" name="userloginWitnIvalidPassword" time="3.670"/>
</testsuite> <!-- test.AutomationExerciceLoginTest -->
