<?xml version="1.0" encoding="UTF-8"?>
<!-- Generated by org.testng.reporters.JUnitReportReporter -->
<testsuite hostname="DESKTOP-QJAM0GO" failures="0" tests="2" name="test.AutomationExerciceLoginTest" time="7.631" errors="0" timestamp="26 Mar 2024 16:46:41 GMT">
  <testcase classname="test.AutomationExerciceLoginTest" name="userloginWitnIvalidPassword" time="3.737"/>
  <testcase classname="test.AutomationExerciceLoginTest" name="userloginWitnIvalidPassword_Methode2" time="3.894"/>
</testsuite> <!-- test.AutomationExerciceLoginTest -->
