<?xml version="1.0" encoding="UTF-8"?>
<!-- Generated by org.testng.reporters.JUnitReportReporter -->
<testsuite hostname="DESKTOP-QJAM0GO" failures="0" tests="1" name="test.TestBase" time="1.321" errors="0" timestamp="20 Mar 2024 00:58:03 GMT">
  <testcase classname="test.TestBase" name="Teardownst" time="1.321"/>
</testsuite> <!-- test.TestBase -->
